[0m09:24:04.274749 [debug] [MainThread]: Sending event: {'category': 'dbt', 'action': 'invocation', 'label': 'start', 'context': [<snowplow_tracker.self_describing_json.SelfDescribingJson object at 0x00000296795749D0>, <snowplow_tracker.self_describing_json.SelfDescribingJson object at 0x000002967A587090>, <snowplow_tracker.self_describing_json.SelfDescribingJson object at 0x0000029679576D90>]}


============================== 09:24:04.281753 | 4b377bcc-a01d-472c-ae50-157c02eabce3 ==============================
[0m09:24:04.281753 [info ] [MainThread]: Running with dbt=1.11.7
[0m09:24:04.282755 [debug] [MainThread]: running dbt with arguments {'version_check': 'True', 'no_print': 'None', 'static_parser': 'True', 'warn_error_options': 'WarnErrorOptionsV2(error=[], warn=[], silence=[])', 'target_path': 'None', 'printer_width': '80', 'write_json': 'True', 'empty': 'None', 'log_cache_events': 'False', 'introspect': 'True', 'cache_selected_only': 'False', 'log_format': 'default', 'debug': 'False', 'fail_fast': 'False', 'profiles_dir': 'C:\\Users\\Pornima Dokhale\\.dbt', 'send_anonymous_usage_stats': 'True', 'quiet': 'False', 'warn_error': 'None', 'partial_parse': 'True', 'use_colors': 'True', 'indirect_selection': 'eager', 'invocation_command': 'dbt debug', 'use_experimental_parser': 'False', 'log_path': 'C:\\Users\\Pornima Dokhale\\my_project_2\\logs'}
[0m09:24:04.326919 [info ] [MainThread]: dbt version: 1.11.7
[0m09:24:04.327921 [info ] [MainThread]: python version: 3.11.0
[0m09:24:04.328917 [info ] [MainThread]: python path: C:\Users\Pornima Dokhale\AppData\Local\Programs\Python\Python311\python.exe
[0m09:24:04.329918 [info ] [MainThread]: os info: Windows-10-10.0.26200-SP0
[0m09:24:05.240108 [debug] [MainThread]: Snowflake adapter: Setting snowflake.connector to ERROR (file logging only)
[0m09:24:05.240108 [debug] [MainThread]: Snowflake adapter: Setting botocore to ERROR (file logging only)
[0m09:24:05.241183 [debug] [MainThread]: Snowflake adapter: Setting boto3 to ERROR (file logging only)
[0m09:24:05.312583 [info ] [MainThread]: Using profiles dir at C:\Users\Pornima Dokhale\.dbt
[0m09:24:05.313050 [info ] [MainThread]: Using profiles.yml file at C:\Users\Pornima Dokhale\.dbt\profiles.yml
[0m09:24:05.314058 [info ] [MainThread]: Using dbt_project.yml file at C:\Users\Pornima Dokhale\my_project_2\dbt_project.yml
[0m09:24:05.315512 [info ] [MainThread]: adapter type: snowflake
[0m09:24:05.316466 [info ] [MainThread]: adapter version: 1.11.3
[0m09:24:05.416176 [info ] [MainThread]: Configuration:
[0m09:24:05.416987 [info ] [MainThread]:   profiles.yml file [[32mOK found and valid[0m]
[0m09:24:05.417777 [info ] [MainThread]:   dbt_project.yml file [[32mOK found and valid[0m]
[0m09:24:05.418785 [info ] [MainThread]: Required dependencies:
[0m09:24:05.418785 [debug] [MainThread]: Executing "git --help"
[0m09:24:05.505685 [debug] [MainThread]: STDOUT: "b"usage: git [-v | --version] [-h | --help] [-C <path>] [-c <name>=<value>]\n           [--exec-path[=<path>]] [--html-path] [--man-path] [--info-path]\n           [-p | --paginate | -P | --no-pager] [--no-replace-objects] [--no-lazy-fetch]\n           [--no-optional-locks] [--no-advice] [--bare] [--git-dir=<path>]\n           [--work-tree=<path>] [--namespace=<name>] [--config-env=<name>=<envvar>]\n           <command> [<args>]\n\nThese are common Git commands used in various situations:\n\nstart a working area (see also: git help tutorial)\n   clone      Clone a repository into a new directory\n   init       Create an empty Git repository or reinitialize an existing one\n\nwork on the current change (see also: git help everyday)\n   add        Add file contents to the index\n   mv         Move or rename a file, a directory, or a symlink\n   restore    Restore working tree files\n   rm         Remove files from the working tree and from the index\n\nexamine the history and state (see also: git help revisions)\n   bisect     Use binary search to find the commit that introduced a bug\n   diff       Show changes between commits, commit and working tree, etc\n   grep       Print lines matching a pattern\n   log        Show commit logs\n   show       Show various types of objects\n   status     Show the working tree status\n\ngrow, mark and tweak your common history\n   backfill   Download missing objects in a partial clone\n   branch     List, create, or delete branches\n   commit     Record changes to the repository\n   merge      Join two or more development histories together\n   rebase     Reapply commits on top of another base tip\n   reset      Set `HEAD` or the index to a known state\n   switch     Switch branches\n   tag        Create, list, delete or verify tags\n\ncollaborate (see also: git help workflows)\n   fetch      Download objects and refs from another repository\n   pull       Fetch from and integrate with another repository or a local branch\n   push       Update remote refs along with associated objects\n\n'git help -a' and 'git help -g' list available subcommands and some\nconcept guides. See 'git help <command>' or 'git help <concept>'\nto read about a specific subcommand or concept.\nSee 'git help git' for an overview of the system.\n""
[0m09:24:05.506799 [debug] [MainThread]: STDERR: "b''"
[0m09:24:05.506799 [info ] [MainThread]:  - git [[32mOK found[0m]

[0m09:24:05.507814 [info ] [MainThread]: Connection:
[0m09:24:05.507814 [info ] [MainThread]:   account: LSHMRVN-CK85658
[0m09:24:05.509331 [info ] [MainThread]:   user: PIYUSH
[0m09:24:05.510342 [info ] [MainThread]:   database: PORNIMA_DB
[0m09:24:05.511343 [info ] [MainThread]:   warehouse: COMPUTE_WH
[0m09:24:05.511343 [info ] [MainThread]:   role: ACCOUNTADMIN
[0m09:24:05.512354 [info ] [MainThread]:   schema: PUBLIC
[0m09:24:05.513341 [info ] [MainThread]:   authenticator: None
[0m09:24:05.513341 [info ] [MainThread]:   oauth_client_id: None
[0m09:24:05.514347 [info ] [MainThread]:   query_tag: None
[0m09:24:05.515346 [info ] [MainThread]:   client_session_keep_alive: False
[0m09:24:05.516342 [info ] [MainThread]:   host: None
[0m09:24:05.516342 [info ] [MainThread]:   port: None
[0m09:24:05.517342 [info ] [MainThread]:   proxy_host: None
[0m09:24:05.518342 [info ] [MainThread]:   proxy_port: None
[0m09:24:05.518342 [info ] [MainThread]:   protocol: None
[0m09:24:05.519341 [info ] [MainThread]:   connect_retries: 1
[0m09:24:05.519341 [info ] [MainThread]:   connect_timeout: None
[0m09:24:05.520343 [info ] [MainThread]:   retry_on_database_errors: False
[0m09:24:05.521342 [info ] [MainThread]:   retry_all: False
[0m09:24:05.521342 [info ] [MainThread]:   insecure_mode: False
[0m09:24:05.522344 [info ] [MainThread]:   reuse_connections: True
[0m09:24:05.522344 [info ] [MainThread]:   s3_stage_vpce_dns_name: None
[0m09:24:05.523342 [info ] [MainThread]:   platform_detection_timeout_seconds: 0.0
[0m09:24:05.524343 [info ] [MainThread]: Registered adapter: snowflake=1.11.3
[0m09:24:05.884872 [debug] [MainThread]: Acquiring new snowflake connection 'debug'
[0m09:24:06.611017 [debug] [MainThread]: Using snowflake connection "debug"
[0m09:24:06.612024 [debug] [MainThread]: On debug: select 1 as id
[0m09:24:06.612024 [debug] [MainThread]: Opening a new connection, currently in state init
[0m09:24:07.371300 [debug] [MainThread]: SQL status: SUCCESS 1 in 0.759 seconds
[0m09:24:07.373302 [info ] [MainThread]:   Connection test: [[32mOK connection ok[0m]

[0m09:24:07.374299 [info ] [MainThread]: [32mAll checks passed![0m
[0m09:24:07.376363 [debug] [MainThread]: Command `dbt debug` succeeded at 09:24:07.376363 after 3.23 seconds
[0m09:24:07.377295 [debug] [MainThread]: Connection 'debug' was left open.
[0m09:24:07.378378 [debug] [MainThread]: On debug: Close
[0m09:24:07.441788 [debug] [MainThread]: Sending event: {'category': 'dbt', 'action': 'invocation', 'label': 'end', 'context': [<snowplow_tracker.self_describing_json.SelfDescribingJson object at 0x00000296727C9A50>, <snowplow_tracker.self_describing_json.SelfDescribingJson object at 0x000002967BD8BE90>, <snowplow_tracker.self_describing_json.SelfDescribingJson object at 0x000002967BD58150>]}
[0m09:24:07.443785 [debug] [MainThread]: Flushing usage events
[0m09:24:08.420245 [debug] [MainThread]: An error was encountered while trying to flush usage events
